-------------------------------------------------------------------------------
Test set: cardealership.servicelayer.ServiceLayerImplTest
-------------------------------------------------------------------------------
Tests run: 14, Failures: 0, Errors: 14, Skipped: 0, Time elapsed: 12.497 s <<< FAILURE! - in cardealership.servicelayer.ServiceLayerImplTest
testCheckIfValidPurchasePrice  Time elapsed: 1.427 s  <<< ERROR!
java.lang.NullPointerException
	at cardealership.servicelayer.ServiceLayerImplTest.setUp(ServiceLayerImplTest.java:100)

testValidNewVehicle  Time elapsed: 0.704 s  <<< ERROR!
java.lang.NullPointerException
	at cardealership.servicelayer.ServiceLayerImplTest.setUp(ServiceLayerImplTest.java:100)

testValidEmail  Time elapsed: 0.933 s  <<< ERROR!
java.lang.NullPointerException
	at cardealership.servicelayer.ServiceLayerImplTest.setUp(ServiceLayerImplTest.java:100)

testValidZip  Time elapsed: 0.531 s  <<< ERROR!
java.lang.NullPointerException
	at cardealership.servicelayer.ServiceLayerImplTest.setUp(ServiceLayerImplTest.java:100)

testValidTransmission  Time elapsed: 0.5 s  <<< ERROR!
java.lang.NullPointerException
	at cardealership.servicelayer.ServiceLayerImplTest.setUp(ServiceLayerImplTest.java:100)

testValidYear  Time elapsed: 0.485 s  <<< ERROR!
java.lang.NullPointerException
	at cardealership.servicelayer.ServiceLayerImplTest.setUp(ServiceLayerImplTest.java:100)

testValidVehicleForSale  Time elapsed: 0.49 s  <<< ERROR!
java.lang.NullPointerException
	at cardealership.servicelayer.ServiceLayerImplTest.setUp(ServiceLayerImplTest.java:100)

testTotalOfSales  Time elapsed: 0.453 s  <<< ERROR!
java.lang.NullPointerException
	at cardealership.servicelayer.ServiceLayerImplTest.setUp(ServiceLayerImplTest.java:100)

testGetSalesInRangeAndUser  Time elapsed: 0.641 s  <<< ERROR!
java.lang.NullPointerException
	at cardealership.servicelayer.ServiceLayerImplTest.setUp(ServiceLayerImplTest.java:100)

testGetSalesInByUser  Time elapsed: 0.437 s  <<< ERROR!
java.lang.NullPointerException
	at cardealership.servicelayer.ServiceLayerImplTest.setUp(ServiceLayerImplTest.java:100)

testGetSalesInRange  Time elapsed: 0.75 s  <<< ERROR!
java.lang.NullPointerException
	at cardealership.servicelayer.ServiceLayerImplTest.setUp(ServiceLayerImplTest.java:100)

testValidSalePrice  Time elapsed: 0.359 s  <<< ERROR!
java.lang.NullPointerException
	at cardealership.servicelayer.ServiceLayerImplTest.setUp(ServiceLayerImplTest.java:100)

testGetInventoryIndex  Time elapsed: 0.532 s  <<< ERROR!
java.lang.NullPointerException
	at cardealership.servicelayer.ServiceLayerImplTest.setUp(ServiceLayerImplTest.java:100)

testValidPurchaseType  Time elapsed: 0.344 s  <<< ERROR!
java.lang.NullPointerException
	at cardealership.servicelayer.ServiceLayerImplTest.setUp(ServiceLayerImplTest.java:100)

