<?xml version="1.0" encoding="UTF-8"?>
<testsuite xmlns:xsi="http://www.w3.org/2001/XMLSchema-instance" xsi:noNamespaceSchemaLocation="https://maven.apache.org/surefire/maven-surefire-plugin/xsd/surefire-test-report.xsd" name="cardealership.servicelayer.ServiceLayerImplTest" time="12.497" tests="14" errors="14" skipped="0" failures="0">
  <properties>
[...]
</properties>
  <testcase name="testCheckIfValidPurchasePrice" classname="cardealership.servicelayer.ServiceLayerImplTest" time="1.427">
    <error type="java.lang.NullPointerException">java.lang.NullPointerException
	at cardealership.servicelayer.ServiceLayerImplTest.setUp(ServiceLayerImplTest.java:100)
</error>
    <system-out><![CDATA[22:38:13.167 [main] DEBUG org.springframework.test.context.BootstrapUtils - Instantiating CacheAwareContextLoaderDelegate from class [org.springframework.test.context.cache.DefaultCacheAwareContextLoaderDelegate]
22:38:13.182 [main] DEBUG org.springframework.test.context.BootstrapUtils - Instantiating BootstrapContext using constructor [public org.springframework.test.context.support.DefaultBootstrapContext(java.lang.Class,org.springframework.test.context.CacheAwareContextLoaderDelegate)]
22:38:13.214 [main] DEBUG org.springframework.test.context.BootstrapUtils - Instantiating TestContextBootstrapper for test class [cardealership.servicelayer.ServiceLayerImplTest] from class [org.springframework.boot.test.context.SpringBootTestContextBootstrapper]
22:38:13.230 [main] INFO org.springframework.boot.test.context.SpringBootTestContextBootstrapper - Neither @ContextConfiguration nor @ContextHierarchy found for test class [cardealership.servicelayer.ServiceLayerImplTest], using SpringBootContextLoader
22:38:13.245 [main] DEBUG org.springframework.test.context.support.AbstractContextLoader - Did not detect default resource location for test class [cardealership.servicelayer.ServiceLayerImplTest]: class path resource [cardealership/servicelayer/ServiceLayerImplTest-context.xml] does not exist
22:38:13.245 [main] DEBUG org.springframework.test.context.support.AbstractContextLoader - Did not detect default resource location for test class [cardealership.servicelayer.ServiceLayerImplTest]: class path resource [cardealership/servicelayer/ServiceLayerImplTestContext.groovy] does not exist
22:38:13.245 [main] INFO org.springframework.test.context.support.AbstractContextLoader - Could not detect default resource locations for test class [cardealership.servicelayer.ServiceLayerImplTest]: no resource found for suffixes {-context.xml, Context.groovy}.
22:38:13.308 [main] DEBUG org.springframework.test.context.support.ActiveProfilesUtils - Could not find an 'annotation declaring class' for annotation type [org.springframework.test.context.ActiveProfiles] and class [cardealership.servicelayer.ServiceLayerImplTest]
22:38:13.464 [main] DEBUG org.springframework.boot.test.context.SpringBootTestContextBootstrapper - @TestExecutionListeners is not present for class [cardealership.servicelayer.ServiceLayerImplTest]: using defaults.
22:38:13.464 [main] INFO org.springframework.boot.test.context.SpringBootTestContextBootstrapper - Loaded default TestExecutionListener class names from location [META-INF/spring.factories]: [org.springframework.boot.test.mock.mockito.MockitoTestExecutionListener, org.springframework.boot.test.mock.mockito.ResetMocksTestExecutionListener, org.springframework.boot.test.autoconfigure.restdocs.RestDocsTestExecutionListener, org.springframework.boot.test.autoconfigure.web.client.MockRestServiceServerResetTestExecutionListener, org.springframework.boot.test.autoconfigure.web.servlet.MockMvcPrintOnlyOnFailureTestExecutionListener, org.springframework.boot.test.autoconfigure.web.servlet.WebDriverTestExecutionListener, org.springframework.boot.test.autoconfigure.webservices.client.MockWebServiceServerTestExecutionListener, org.springframework.test.context.web.ServletTestExecutionListener, org.springframework.test.context.support.DirtiesContextBeforeModesTestExecutionListener, org.springframework.test.context.event.ApplicationEventsTestExecutionListener, org.springframework.test.context.support.DependencyInjectionTestExecutionListener, org.springframework.test.context.support.DirtiesContextTestExecutionListener, org.springframework.test.context.transaction.TransactionalTestExecutionListener, org.springframework.test.context.jdbc.SqlScriptsTestExecutionListener, org.springframework.test.context.event.EventPublishingTestExecutionListener]
22:38:13.495 [main] INFO org.springframework.boot.test.context.SpringBootTestContextBootstrapper - Using TestExecutionListeners: [org.springframework.test.context.web.ServletTestExecutionListener@241e8ea6, org.springframework.test.context.support.DirtiesContextBeforeModesTestExecutionListener@542e560f, org.springframework.test.context.event.ApplicationEventsTestExecutionListener@626c44e7, org.springframework.boot.test.mock.mockito.MockitoTestExecutionListener@4dc8caa7, org.springframework.boot.test.autoconfigure.SpringBootDependencyInjectionTestExecutionListener@1d730606, org.springframework.test.context.support.DirtiesContextTestExecutionListener@3bcbb589, org.springframework.test.context.transaction.TransactionalTestExecutionListener@3b00856b, org.springframework.test.context.jdbc.SqlScriptsTestExecutionListener@3016fd5e, org.springframework.test.context.event.EventPublishingTestExecutionListener@35d08e6c, org.springframework.boot.test.mock.mockito.ResetMocksTestExecutionListener@53d102a2, org.springframework.boot.test.autoconfigure.restdocs.RestDocsTestExecutionListener@6c45ee6e, org.springframework.boot.test.autoconfigure.web.client.MockRestServiceServerResetTestExecutionListener@6b3e12b5, org.springframework.boot.test.autoconfigure.web.servlet.MockMvcPrintOnlyOnFailureTestExecutionListener@5aac4250, org.springframework.boot.test.autoconfigure.web.servlet.WebDriverTestExecutionListener@1338fb5, org.springframework.boot.test.autoconfigure.webservices.client.MockWebServiceServerTestExecutionListener@42463763]
22:38:13.495 [main] DEBUG org.springframework.test.context.support.AbstractDirtiesContextTestExecutionListener - Before test class: context [DefaultTestContext@2002348 testClass = ServiceLayerImplTest, testInstance = [null], testMethod = [null], testException = [null], mergedContextConfiguration = [WebMergedContextConfiguration@5911e990 testClass = ServiceLayerImplTest, locations = '{}', classes = '{class cardealership.TestApplicationConfiguration}', contextInitializerClasses = '[]', activeProfiles = '{}', propertySourceLocations = '{}', propertySourceProperties = '{org.springframework.boot.test.context.SpringBootTestContextBootstrapper=true}', contextCustomizers = set[org.springframework.boot.test.context.filter.ExcludeFilterContextCustomizer@928763c, org.springframework.boot.test.json.DuplicateJsonObjectContextCustomizerFactory$DuplicateJsonObjectContextCustomizer@471a9022, org.springframework.boot.test.mock.mockito.MockitoContextCustomizer@0, org.springframework.boot.test.web.client.TestRestTemplateContextCustomizer@cd1e646, org.springframework.boot.test.autoconfigure.actuate.metrics.MetricsExportContextCustomizerFactory$DisableMetricExportContextCustomizer@6950ed69, org.springframework.boot.test.autoconfigure.properties.PropertyMappingContextCustomizer@0, org.springframework.boot.test.autoconfigure.web.servlet.WebDriverContextCustomizerFactory$Customizer@64e7619d, org.springframework.boot.test.context.SpringBootTestArgs@1, org.springframework.boot.test.context.SpringBootTestWebEnvironment@5bd03f44], resourceBasePath = 'src/main/webapp', contextLoader = 'org.springframework.boot.test.context.SpringBootContextLoader', parent = [null]], attributes = map['org.springframework.test.context.web.ServletTestExecutionListener.activateListener' -> true]], class annotated with @DirtiesContext [false] with mode [null].
22:38:13.542 [main] DEBUG org.springframework.test.context.support.TestPropertySourceUtils - Adding inlined properties to environment: {spring.jmx.enabled=false, org.springframework.boot.test.context.SpringBootTestContextBootstrapper=true}

  .   ____          _            __ _ _
 /\\ / ___'_ __ _ _(_)_ __  __ _ \ \ \ \
( ( )\___ | '_ | '_| | '_ \/ _` | \ \ \ \
 \\/  ___)| |_)| | | | | || (_| |  ) ) ) )
  '  |____| .__|_| |_|_| |_\__, | / / / /
 =========|_|==============|___/=/_/_/_/
 :: Spring Boot ::                (v2.5.6)

2021-12-07 22:38:14.045  INFO 21488 --- [           main] c.servicelayer.ServiceLayerImplTest      : Starting ServiceLayerImplTest using Java 11.0.13 on DESKTOP-ULRJBDU with PID 21488 (started by Joshua Martel in C:\Users\Joshua Martel\Desktop\MThree Training\C151\Classwork\CarDealership-JoshuaMartel-database-daovehicle-change\CarDealership)
2021-12-07 22:38:14.045  INFO 21488 --- [           main] c.servicelayer.ServiceLayerImplTest      : The following profiles are active: database
2021-12-07 22:38:16.967  INFO 21488 --- [           main] c.servicelayer.ServiceLayerImplTest      : Started ServiceLayerImplTest in 3.41 seconds (JVM running for 4.663)
2021-12-07 22:38:17.551  INFO 21488 --- [           main] com.zaxxer.hikari.HikariDataSource       : HikariPool-1 - Starting...
2021-12-07 22:38:17.832  INFO 21488 --- [           main] com.zaxxer.hikari.HikariDataSource       : HikariPool-1 - Start completed.
]]></system-out>
  </testcase>
  <testcase name="testValidNewVehicle" classname="cardealership.servicelayer.ServiceLayerImplTest" time="0.704">
    <error type="java.lang.NullPointerException">java.lang.NullPointerException
	at cardealership.servicelayer.ServiceLayerImplTest.setUp(ServiceLayerImplTest.java:100)
</error>
  </testcase>
  <testcase name="testValidEmail" classname="cardealership.servicelayer.ServiceLayerImplTest" time="0.933">
    <error type="java.lang.NullPointerException">java.lang.NullPointerException
	at cardealership.servicelayer.ServiceLayerImplTest.setUp(ServiceLayerImplTest.java:100)
</error>
  </testcase>
  <testcase name="testValidZip" classname="cardealership.servicelayer.ServiceLayerImplTest" time="0.531">
    <error type="java.lang.NullPointerException">java.lang.NullPointerException
	at cardealership.servicelayer.ServiceLayerImplTest.setUp(ServiceLayerImplTest.java:100)
</error>
  </testcase>
  <testcase name="testValidTransmission" classname="cardealership.servicelayer.ServiceLayerImplTest" time="0.5">
    <error type="java.lang.NullPointerException">java.lang.NullPointerException
	at cardealership.servicelayer.ServiceLayerImplTest.setUp(ServiceLayerImplTest.java:100)
</error>
  </testcase>
  <testcase name="testValidYear" classname="cardealership.servicelayer.ServiceLayerImplTest" time="0.485">
    <error type="java.lang.NullPointerException">java.lang.NullPointerException
	at cardealership.servicelayer.ServiceLayerImplTest.setUp(ServiceLayerImplTest.java:100)
</error>
  </testcase>
  <testcase name="testValidVehicleForSale" classname="cardealership.servicelayer.ServiceLayerImplTest" time="0.49">
    <error type="java.lang.NullPointerException">java.lang.NullPointerException
	at cardealership.servicelayer.ServiceLayerImplTest.setUp(ServiceLayerImplTest.java:100)
</error>
  </testcase>
  <testcase name="testTotalOfSales" classname="cardealership.servicelayer.ServiceLayerImplTest" time="0.453">
    <error type="java.lang.NullPointerException">java.lang.NullPointerException
	at cardealership.servicelayer.ServiceLayerImplTest.setUp(ServiceLayerImplTest.java:100)
</error>
  </testcase>
  <testcase name="testGetSalesInRangeAndUser" classname="cardealership.servicelayer.ServiceLayerImplTest" time="0.641">
    <error type="java.lang.NullPointerException">java.lang.NullPointerException
	at cardealership.servicelayer.ServiceLayerImplTest.setUp(ServiceLayerImplTest.java:100)
</error>
  </testcase>
  <testcase name="testGetSalesInByUser" classname="cardealership.servicelayer.ServiceLayerImplTest" time="0.437">
    <error type="java.lang.NullPointerException">java.lang.NullPointerException
	at cardealership.servicelayer.ServiceLayerImplTest.setUp(ServiceLayerImplTest.java:100)
</error>
  </testcase>
  <testcase name="testGetSalesInRange" classname="cardealership.servicelayer.ServiceLayerImplTest" time="0.75">
    <error type="java.lang.NullPointerException">java.lang.NullPointerException
	at cardealership.servicelayer.ServiceLayerImplTest.setUp(ServiceLayerImplTest.java:100)
</error>
  </testcase>
  <testcase name="testValidSalePrice" classname="cardealership.servicelayer.ServiceLayerImplTest" time="0.359">
    <error type="java.lang.NullPointerException">java.lang.NullPointerException
	at cardealership.servicelayer.ServiceLayerImplTest.setUp(ServiceLayerImplTest.java:100)
</error>
  </testcase>
  <testcase name="testGetInventoryIndex" classname="cardealership.servicelayer.ServiceLayerImplTest" time="0.532">
    <error type="java.lang.NullPointerException">java.lang.NullPointerException
	at cardealership.servicelayer.ServiceLayerImplTest.setUp(ServiceLayerImplTest.java:100)
</error>
  </testcase>
  <testcase name="testValidPurchaseType" classname="cardealership.servicelayer.ServiceLayerImplTest" time="0.344">
    <error type="java.lang.NullPointerException">java.lang.NullPointerException
	at cardealership.servicelayer.ServiceLayerImplTest.setUp(ServiceLayerImplTest.java:100)
</error>
  </testcase>
</testsuite>